终端机在文法中未使用

    ERROR


状态 134 冲突：9 项偏移/归约
状态 147 冲突：9 项偏移/归约


语法

    0 $accept: program $end

    1 program: class_list

    2 class_list: class
    3           | class_list class

    4 class: CLASS TYPEID '{' feature_list '}' ';'
    5      | CLASS TYPEID INHERITS TYPEID '{' feature_list '}' ';'
    6      | error ';'

    7 feature_list: %empty
    8             | feature_not_empty_list

    9 feature_not_empty_list: feature
   10                       | feature_not_empty_list feature

   11 feature: OBJECTID ':' TYPEID ';'
   12        | OBJECTID ':' TYPEID ASSIGN expr ';'
   13        | OBJECTID '(' formal_list ')' ':' TYPEID '{' expr '}' ';'
   14        | error ';'

   15 formal_list: %empty
   16            | formal_not_empty_list

   17 formal_not_empty_list: formal
   18                      | formal_not_empty_list ',' formal

   19 formal: OBJECTID ':' TYPEID

   20 expr: OBJECTID ASSIGN expr
   21     | OBJECTID '(' ')'
   22     | OBJECTID '(' invoke_expr_list ')'
   23     | expr '.' OBJECTID '(' ')'
   24     | expr '.' OBJECTID '(' invoke_expr_list ')'
   25     | expr '@' TYPEID '.' OBJECTID '(' ')'
   26     | expr '@' TYPEID '.' OBJECTID '(' invoke_expr_list ')'
   27     | IF expr THEN expr ELSE expr FI
   28     | WHILE expr LOOP expr POOL
   29     | '{' expr_not_empty_list '}'
   30     | LET let_expr
   31     | CASE expr OF case_list ESAC
   32     | NEW TYPEID
   33     | ISVOID expr
   34     | expr '+' expr
   35     | expr '-' expr
   36     | expr '*' expr
   37     | expr '/' expr
   38     | '~' expr
   39     | expr '<' expr
   40     | expr '=' expr
   41     | NOT expr
   42     | '(' expr ')'
   43     | OBJECTID
   44     | expr LE expr
   45     | INT_CONST
   46     | STR_CONST
   47     | BOOL_CONST

   48 expr_not_empty_list: expr ';'
   49                    | expr_not_empty_list expr ';'
   50                    | expr_not_empty_list error ';'

   51 invoke_expr_list: expr
   52                 | invoke_expr_list ',' expr

   53 case_list: case
   54          | case_list case

   55 case: OBJECTID ':' TYPEID DARROW expr ';'

   56 let_expr: OBJECTID ':' TYPEID IN expr
   57         | OBJECTID ':' TYPEID ASSIGN expr IN expr
   58         | OBJECTID ':' TYPEID ',' let_expr
   59         | OBJECTID ':' TYPEID ASSIGN expr ',' let_expr
   60         | error ',' let_expr


终结语词，附有它们出现处的规则

    $end (0) 0
    '(' (40) 13 21 22 23 24 25 26 42
    ')' (41) 13 21 22 23 24 25 26 42
    '*' (42) 36
    '+' (43) 34
    ',' (44) 18 52 58 59 60
    '-' (45) 35
    '.' (46) 23 24 25 26
    '/' (47) 37
    ':' (58) 11 12 13 19 55 56 57 58 59
    ';' (59) 4 5 6 11 12 13 14 48 49 50 55
    '<' (60) 39
    '=' (61) 40
    '@' (64) 25 26
    '{' (123) 4 5 13 29
    '}' (125) 4 5 13 29
    '~' (126) 38
    error (256) 6 14 50 60
    CLASS (258) 4 5
    ELSE (259) 27
    FI (260) 27
    IF (261) 27
    IN (262) 56 57
    INHERITS (263) 5
    LET (264) 30
    LOOP (265) 28
    POOL (266) 28
    THEN (267) 27
    WHILE (268) 28
    CASE (269) 31
    ESAC (270) 31
    OF (271) 31
    DARROW (272) 55
    NEW (273) 32
    ISVOID (274) 33
    STR_CONST <symbol> (275) 46
    INT_CONST <symbol> (276) 45
    BOOL_CONST <boolean> (277) 47
    TYPEID <symbol> (278) 4 5 11 12 13 19 25 26 32 55 56 57 58 59
    OBJECTID <symbol> (279) 11 12 13 19 20 21 22 23 24 25 26 43 55 56 57 58 59
    ASSIGN (280) 12 20 57 59
    NOT (281) 41
    LE (282) 44
    ERROR (283)


非终结语词，附有它们出现处的规则

    $accept (45)
        on left: 0
    program <program> (46)
        on left: 1
        on right: 0
    class_list <classes> (47)
        on left: 2 3
        on right: 1 3
    class <class_> (48)
        on left: 4 5 6
        on right: 2 3
    feature_list <features> (49)
        on left: 7 8
        on right: 4 5
    feature_not_empty_list <features> (50)
        on left: 9 10
        on right: 8 10
    feature <feature> (51)
        on left: 11 12 13 14
        on right: 9 10
    formal_list <formals> (52)
        on left: 15 16
        on right: 13
    formal_not_empty_list <formals> (53)
        on left: 17 18
        on right: 16 18
    formal <formal> (54)
        on left: 19
        on right: 17 18
    expr <expression> (55)
        on left: 20 21 22 23 24 25 26 27 28 29 30 31 32 33 34 35 36 37 38 39 40 41 42 43 44 45 46 47
        on right: 12 13 20 23 24 25 26 27 28 31 33 34 35 36 37 38 39 40 41 42 44 48 49 51 52 55 56 57 59
    expr_not_empty_list <expressions> (56)
        on left: 48 49 50
        on right: 29 49 50
    invoke_expr_list <expressions> (57)
        on left: 51 52
        on right: 22 24 26 52
    case_list <cases> (58)
        on left: 53 54
        on right: 31 54
    case <case_> (59)
        on left: 55
        on right: 53 54
    let_expr <expression> (60)
        on left: 56 57 58 59 60
        on right: 30 58 59 60


状态 0

    0 $accept: . program $end

    error  偏移，并进入状态 1
    CLASS  偏移，并进入状态 2

    program     转到状态 3
    class_list  转到状态 4
    class       转到状态 5


状态 1

    6 class: error . ';'

    ';'  偏移，并进入状态 6


状态 2

    4 class: CLASS . TYPEID '{' feature_list '}' ';'
    5      | CLASS . TYPEID INHERITS TYPEID '{' feature_list '}' ';'

    TYPEID  偏移，并进入状态 7


状态 3

    0 $accept: program . $end

    $end  偏移，并进入状态 8


状态 4

    1 program: class_list .
    3 class_list: class_list . class

    error  偏移，并进入状态 1
    CLASS  偏移，并进入状态 2

    $end  使用规则 1 以归约 (program)

    class  转到状态 9


状态 5

    2 class_list: class .

    $default  使用规则 2 以归约 (class_list)


状态 6

    6 class: error ';' .

    $default  使用规则 6 以归约 (class)


状态 7

    4 class: CLASS TYPEID . '{' feature_list '}' ';'
    5      | CLASS TYPEID . INHERITS TYPEID '{' feature_list '}' ';'

    INHERITS  偏移，并进入状态 10
    '{'       偏移，并进入状态 11


状态 8

    0 $accept: program $end .

    $default  接受


状态 9

    3 class_list: class_list class .

    $default  使用规则 3 以归约 (class_list)


状态 10

    5 class: CLASS TYPEID INHERITS . TYPEID '{' feature_list '}' ';'

    TYPEID  偏移，并进入状态 12


状态 11

    4 class: CLASS TYPEID '{' . feature_list '}' ';'

    error     偏移，并进入状态 13
    OBJECTID  偏移，并进入状态 14

    '}'  使用规则 7 以归约 (feature_list)

    feature_list            转到状态 15
    feature_not_empty_list  转到状态 16
    feature                 转到状态 17


状态 12

    5 class: CLASS TYPEID INHERITS TYPEID . '{' feature_list '}' ';'

    '{'  偏移，并进入状态 18


状态 13

   14 feature: error . ';'

    ';'  偏移，并进入状态 19


状态 14

   11 feature: OBJECTID . ':' TYPEID ';'
   12        | OBJECTID . ':' TYPEID ASSIGN expr ';'
   13        | OBJECTID . '(' formal_list ')' ':' TYPEID '{' expr '}' ';'

    ':'  偏移，并进入状态 20
    '('  偏移，并进入状态 21


状态 15

    4 class: CLASS TYPEID '{' feature_list . '}' ';'

    '}'  偏移，并进入状态 22


状态 16

    8 feature_list: feature_not_empty_list .
   10 feature_not_empty_list: feature_not_empty_list . feature

    error     偏移，并进入状态 13
    OBJECTID  偏移，并进入状态 14

    '}'  使用规则 8 以归约 (feature_list)

    feature  转到状态 23


状态 17

    9 feature_not_empty_list: feature .

    $default  使用规则 9 以归约 (feature_not_empty_list)


状态 18

    5 class: CLASS TYPEID INHERITS TYPEID '{' . feature_list '}' ';'

    error     偏移，并进入状态 13
    OBJECTID  偏移，并进入状态 14

    '}'  使用规则 7 以归约 (feature_list)

    feature_list            转到状态 24
    feature_not_empty_list  转到状态 16
    feature                 转到状态 17


状态 19

   14 feature: error ';' .

    $default  使用规则 14 以归约 (feature)


状态 20

   11 feature: OBJECTID ':' . TYPEID ';'
   12        | OBJECTID ':' . TYPEID ASSIGN expr ';'

    TYPEID  偏移，并进入状态 25


状态 21

   13 feature: OBJECTID '(' . formal_list ')' ':' TYPEID '{' expr '}' ';'

    OBJECTID  偏移，并进入状态 26

    $default  使用规则 15 以归约 (formal_list)

    formal_list            转到状态 27
    formal_not_empty_list  转到状态 28
    formal                 转到状态 29


状态 22

    4 class: CLASS TYPEID '{' feature_list '}' . ';'

    ';'  偏移，并进入状态 30


状态 23

   10 feature_not_empty_list: feature_not_empty_list feature .

    $default  使用规则 10 以归约 (feature_not_empty_list)


状态 24

    5 class: CLASS TYPEID INHERITS TYPEID '{' feature_list . '}' ';'

    '}'  偏移，并进入状态 31


状态 25

   11 feature: OBJECTID ':' TYPEID . ';'
   12        | OBJECTID ':' TYPEID . ASSIGN expr ';'

    ASSIGN  偏移，并进入状态 32
    ';'     偏移，并进入状态 33


状态 26

   19 formal: OBJECTID . ':' TYPEID

    ':'  偏移，并进入状态 34


状态 27

   13 feature: OBJECTID '(' formal_list . ')' ':' TYPEID '{' expr '}' ';'

    ')'  偏移，并进入状态 35


状态 28

   16 formal_list: formal_not_empty_list .
   18 formal_not_empty_list: formal_not_empty_list . ',' formal

    ','  偏移，并进入状态 36

    $default  使用规则 16 以归约 (formal_list)


状态 29

   17 formal_not_empty_list: formal .

    $default  使用规则 17 以归约 (formal_not_empty_list)


状态 30

    4 class: CLASS TYPEID '{' feature_list '}' ';' .

    $default  使用规则 4 以归约 (class)


状态 31

    5 class: CLASS TYPEID INHERITS TYPEID '{' feature_list '}' . ';'

    ';'  偏移，并进入状态 37


状态 32

   12 feature: OBJECTID ':' TYPEID ASSIGN . expr ';'

    IF          偏移，并进入状态 38
    LET         偏移，并进入状态 39
    WHILE       偏移，并进入状态 40
    CASE        偏移，并进入状态 41
    NEW         偏移，并进入状态 42
    ISVOID      偏移，并进入状态 43
    STR_CONST   偏移，并进入状态 44
    INT_CONST   偏移，并进入状态 45
    BOOL_CONST  偏移，并进入状态 46
    OBJECTID    偏移，并进入状态 47
    NOT         偏移，并进入状态 48
    '~'         偏移，并进入状态 49
    '{'         偏移，并进入状态 50
    '('         偏移，并进入状态 51

    expr  转到状态 52


状态 33

   11 feature: OBJECTID ':' TYPEID ';' .

    $default  使用规则 11 以归约 (feature)


状态 34

   19 formal: OBJECTID ':' . TYPEID

    TYPEID  偏移，并进入状态 53


状态 35

   13 feature: OBJECTID '(' formal_list ')' . ':' TYPEID '{' expr '}' ';'

    ':'  偏移，并进入状态 54


状态 36

   18 formal_not_empty_list: formal_not_empty_list ',' . formal

    OBJECTID  偏移，并进入状态 26

    formal  转到状态 55


状态 37

    5 class: CLASS TYPEID INHERITS TYPEID '{' feature_list '}' ';' .

    $default  使用规则 5 以归约 (class)


状态 38

   27 expr: IF . expr THEN expr ELSE expr FI

    IF          偏移，并进入状态 38
    LET         偏移，并进入状态 39
    WHILE       偏移，并进入状态 40
    CASE        偏移，并进入状态 41
    NEW         偏移，并进入状态 42
    ISVOID      偏移，并进入状态 43
    STR_CONST   偏移，并进入状态 44
    INT_CONST   偏移，并进入状态 45
    BOOL_CONST  偏移，并进入状态 46
    OBJECTID    偏移，并进入状态 47
    NOT         偏移，并进入状态 48
    '~'         偏移，并进入状态 49
    '{'         偏移，并进入状态 50
    '('         偏移，并进入状态 51

    expr  转到状态 56


状态 39

   30 expr: LET . let_expr

    error     偏移，并进入状态 57
    OBJECTID  偏移，并进入状态 58

    let_expr  转到状态 59


状态 40

   28 expr: WHILE . expr LOOP expr POOL

    IF          偏移，并进入状态 38
    LET         偏移，并进入状态 39
    WHILE       偏移，并进入状态 40
    CASE        偏移，并进入状态 41
    NEW         偏移，并进入状态 42
    ISVOID      偏移，并进入状态 43
    STR_CONST   偏移，并进入状态 44
    INT_CONST   偏移，并进入状态 45
    BOOL_CONST  偏移，并进入状态 46
    OBJECTID    偏移，并进入状态 47
    NOT         偏移，并进入状态 48
    '~'         偏移，并进入状态 49
    '{'         偏移，并进入状态 50
    '('         偏移，并进入状态 51

    expr  转到状态 60


状态 41

   31 expr: CASE . expr OF case_list ESAC

    IF          偏移，并进入状态 38
    LET         偏移，并进入状态 39
    WHILE       偏移，并进入状态 40
    CASE        偏移，并进入状态 41
    NEW         偏移，并进入状态 42
    ISVOID      偏移，并进入状态 43
    STR_CONST   偏移，并进入状态 44
    INT_CONST   偏移，并进入状态 45
    BOOL_CONST  偏移，并进入状态 46
    OBJECTID    偏移，并进入状态 47
    NOT         偏移，并进入状态 48
    '~'         偏移，并进入状态 49
    '{'         偏移，并进入状态 50
    '('         偏移，并进入状态 51

    expr  转到状态 61


状态 42

   32 expr: NEW . TYPEID

    TYPEID  偏移，并进入状态 62


状态 43

   33 expr: ISVOID . expr

    IF          偏移，并进入状态 38
    LET         偏移，并进入状态 39
    WHILE       偏移，并进入状态 40
    CASE        偏移，并进入状态 41
    NEW         偏移，并进入状态 42
    ISVOID      偏移，并进入状态 43
    STR_CONST   偏移，并进入状态 44
    INT_CONST   偏移，并进入状态 45
    BOOL_CONST  偏移，并进入状态 46
    OBJECTID    偏移，并进入状态 47
    NOT         偏移，并进入状态 48
    '~'         偏移，并进入状态 49
    '{'         偏移，并进入状态 50
    '('         偏移，并进入状态 51

    expr  转到状态 63


状态 44

   46 expr: STR_CONST .

    $default  使用规则 46 以归约 (expr)


状态 45

   45 expr: INT_CONST .

    $default  使用规则 45 以归约 (expr)


状态 46

   47 expr: BOOL_CONST .

    $default  使用规则 47 以归约 (expr)


状态 47

   20 expr: OBJECTID . ASSIGN expr
   21     | OBJECTID . '(' ')'
   22     | OBJECTID . '(' invoke_expr_list ')'
   43     | OBJECTID .

    ASSIGN  偏移，并进入状态 64
    '('     偏移，并进入状态 65

    $default  使用规则 43 以归约 (expr)


状态 48

   41 expr: NOT . expr

    IF          偏移，并进入状态 38
    LET         偏移，并进入状态 39
    WHILE       偏移，并进入状态 40
    CASE        偏移，并进入状态 41
    NEW         偏移，并进入状态 42
    ISVOID      偏移，并进入状态 43
    STR_CONST   偏移，并进入状态 44
    INT_CONST   偏移，并进入状态 45
    BOOL_CONST  偏移，并进入状态 46
    OBJECTID    偏移，并进入状态 47
    NOT         偏移，并进入状态 48
    '~'         偏移，并进入状态 49
    '{'         偏移，并进入状态 50
    '('         偏移，并进入状态 51

    expr  转到状态 66


状态 49

   38 expr: '~' . expr

    IF          偏移，并进入状态 38
    LET         偏移，并进入状态 39
    WHILE       偏移，并进入状态 40
    CASE        偏移，并进入状态 41
    NEW         偏移，并进入状态 42
    ISVOID      偏移，并进入状态 43
    STR_CONST   偏移，并进入状态 44
    INT_CONST   偏移，并进入状态 45
    BOOL_CONST  偏移，并进入状态 46
    OBJECTID    偏移，并进入状态 47
    NOT         偏移，并进入状态 48
    '~'         偏移，并进入状态 49
    '{'         偏移，并进入状态 50
    '('         偏移，并进入状态 51

    expr  转到状态 67


状态 50

   29 expr: '{' . expr_not_empty_list '}'

    IF          偏移，并进入状态 38
    LET         偏移，并进入状态 39
    WHILE       偏移，并进入状态 40
    CASE        偏移，并进入状态 41
    NEW         偏移，并进入状态 42
    ISVOID      偏移，并进入状态 43
    STR_CONST   偏移，并进入状态 44
    INT_CONST   偏移，并进入状态 45
    BOOL_CONST  偏移，并进入状态 46
    OBJECTID    偏移，并进入状态 47
    NOT         偏移，并进入状态 48
    '~'         偏移，并进入状态 49
    '{'         偏移，并进入状态 50
    '('         偏移，并进入状态 51

    expr                 转到状态 68
    expr_not_empty_list  转到状态 69


状态 51

   42 expr: '(' . expr ')'

    IF          偏移，并进入状态 38
    LET         偏移，并进入状态 39
    WHILE       偏移，并进入状态 40
    CASE        偏移，并进入状态 41
    NEW         偏移，并进入状态 42
    ISVOID      偏移，并进入状态 43
    STR_CONST   偏移，并进入状态 44
    INT_CONST   偏移，并进入状态 45
    BOOL_CONST  偏移，并进入状态 46
    OBJECTID    偏移，并进入状态 47
    NOT         偏移，并进入状态 48
    '~'         偏移，并进入状态 49
    '{'         偏移，并进入状态 50
    '('         偏移，并进入状态 51

    expr  转到状态 70


状态 52

   12 feature: OBJECTID ':' TYPEID ASSIGN expr . ';'
   23 expr: expr . '.' OBJECTID '(' ')'
   24     | expr . '.' OBJECTID '(' invoke_expr_list ')'
   25     | expr . '@' TYPEID '.' OBJECTID '(' ')'
   26     | expr . '@' TYPEID '.' OBJECTID '(' invoke_expr_list ')'
   34     | expr . '+' expr
   35     | expr . '-' expr
   36     | expr . '*' expr
   37     | expr . '/' expr
   39     | expr . '<' expr
   40     | expr . '=' expr
   44     | expr . LE expr

    LE   偏移，并进入状态 71
    '='  偏移，并进入状态 72
    '<'  偏移，并进入状态 73
    '+'  偏移，并进入状态 74
    '-'  偏移，并进入状态 75
    '*'  偏移，并进入状态 76
    '/'  偏移，并进入状态 77
    '@'  偏移，并进入状态 78
    '.'  偏移，并进入状态 79
    ';'  偏移，并进入状态 80


状态 53

   19 formal: OBJECTID ':' TYPEID .

    $default  使用规则 19 以归约 (formal)


状态 54

   13 feature: OBJECTID '(' formal_list ')' ':' . TYPEID '{' expr '}' ';'

    TYPEID  偏移，并进入状态 81


状态 55

   18 formal_not_empty_list: formal_not_empty_list ',' formal .

    $default  使用规则 18 以归约 (formal_not_empty_list)


状态 56

   23 expr: expr . '.' OBJECTID '(' ')'
   24     | expr . '.' OBJECTID '(' invoke_expr_list ')'
   25     | expr . '@' TYPEID '.' OBJECTID '(' ')'
   26     | expr . '@' TYPEID '.' OBJECTID '(' invoke_expr_list ')'
   27     | IF expr . THEN expr ELSE expr FI
   34     | expr . '+' expr
   35     | expr . '-' expr
   36     | expr . '*' expr
   37     | expr . '/' expr
   39     | expr . '<' expr
   40     | expr . '=' expr
   44     | expr . LE expr

    THEN  偏移，并进入状态 82
    LE    偏移，并进入状态 71
    '='   偏移，并进入状态 72
    '<'   偏移，并进入状态 73
    '+'   偏移，并进入状态 74
    '-'   偏移，并进入状态 75
    '*'   偏移，并进入状态 76
    '/'   偏移，并进入状态 77
    '@'   偏移，并进入状态 78
    '.'   偏移，并进入状态 79


状态 57

   60 let_expr: error . ',' let_expr

    ','  偏移，并进入状态 83


状态 58

   56 let_expr: OBJECTID . ':' TYPEID IN expr
   57         | OBJECTID . ':' TYPEID ASSIGN expr IN expr
   58         | OBJECTID . ':' TYPEID ',' let_expr
   59         | OBJECTID . ':' TYPEID ASSIGN expr ',' let_expr

    ':'  偏移，并进入状态 84


状态 59

   30 expr: LET let_expr .

    $default  使用规则 30 以归约 (expr)


状态 60

   23 expr: expr . '.' OBJECTID '(' ')'
   24     | expr . '.' OBJECTID '(' invoke_expr_list ')'
   25     | expr . '@' TYPEID '.' OBJECTID '(' ')'
   26     | expr . '@' TYPEID '.' OBJECTID '(' invoke_expr_list ')'
   28     | WHILE expr . LOOP expr POOL
   34     | expr . '+' expr
   35     | expr . '-' expr
   36     | expr . '*' expr
   37     | expr . '/' expr
   39     | expr . '<' expr
   40     | expr . '=' expr
   44     | expr . LE expr

    LOOP  偏移，并进入状态 85
    LE    偏移，并进入状态 71
    '='   偏移，并进入状态 72
    '<'   偏移，并进入状态 73
    '+'   偏移，并进入状态 74
    '-'   偏移，并进入状态 75
    '*'   偏移，并进入状态 76
    '/'   偏移，并进入状态 77
    '@'   偏移，并进入状态 78
    '.'   偏移，并进入状态 79


状态 61

   23 expr: expr . '.' OBJECTID '(' ')'
   24     | expr . '.' OBJECTID '(' invoke_expr_list ')'
   25     | expr . '@' TYPEID '.' OBJECTID '(' ')'
   26     | expr . '@' TYPEID '.' OBJECTID '(' invoke_expr_list ')'
   31     | CASE expr . OF case_list ESAC
   34     | expr . '+' expr
   35     | expr . '-' expr
   36     | expr . '*' expr
   37     | expr . '/' expr
   39     | expr . '<' expr
   40     | expr . '=' expr
   44     | expr . LE expr

    OF   偏移，并进入状态 86
    LE   偏移，并进入状态 71
    '='  偏移，并进入状态 72
    '<'  偏移，并进入状态 73
    '+'  偏移，并进入状态 74
    '-'  偏移，并进入状态 75
    '*'  偏移，并进入状态 76
    '/'  偏移，并进入状态 77
    '@'  偏移，并进入状态 78
    '.'  偏移，并进入状态 79


状态 62

   32 expr: NEW TYPEID .

    $default  使用规则 32 以归约 (expr)


状态 63

   23 expr: expr . '.' OBJECTID '(' ')'
   24     | expr . '.' OBJECTID '(' invoke_expr_list ')'
   25     | expr . '@' TYPEID '.' OBJECTID '(' ')'
   26     | expr . '@' TYPEID '.' OBJECTID '(' invoke_expr_list ')'
   33     | ISVOID expr .
   34     | expr . '+' expr
   35     | expr . '-' expr
   36     | expr . '*' expr
   37     | expr . '/' expr
   39     | expr . '<' expr
   40     | expr . '=' expr
   44     | expr . LE expr

    '@'  偏移，并进入状态 78
    '.'  偏移，并进入状态 79

    $default  使用规则 33 以归约 (expr)


状态 64

   20 expr: OBJECTID ASSIGN . expr

    IF          偏移，并进入状态 38
    LET         偏移，并进入状态 39
    WHILE       偏移，并进入状态 40
    CASE        偏移，并进入状态 41
    NEW         偏移，并进入状态 42
    ISVOID      偏移，并进入状态 43
    STR_CONST   偏移，并进入状态 44
    INT_CONST   偏移，并进入状态 45
    BOOL_CONST  偏移，并进入状态 46
    OBJECTID    偏移，并进入状态 47
    NOT         偏移，并进入状态 48
    '~'         偏移，并进入状态 49
    '{'         偏移，并进入状态 50
    '('         偏移，并进入状态 51

    expr  转到状态 87


状态 65

   21 expr: OBJECTID '(' . ')'
   22     | OBJECTID '(' . invoke_expr_list ')'

    IF          偏移，并进入状态 38
    LET         偏移，并进入状态 39
    WHILE       偏移，并进入状态 40
    CASE        偏移，并进入状态 41
    NEW         偏移，并进入状态 42
    ISVOID      偏移，并进入状态 43
    STR_CONST   偏移，并进入状态 44
    INT_CONST   偏移，并进入状态 45
    BOOL_CONST  偏移，并进入状态 46
    OBJECTID    偏移，并进入状态 47
    NOT         偏移，并进入状态 48
    '~'         偏移，并进入状态 49
    '{'         偏移，并进入状态 50
    '('         偏移，并进入状态 51
    ')'         偏移，并进入状态 88

    expr              转到状态 89
    invoke_expr_list  转到状态 90


状态 66

   23 expr: expr . '.' OBJECTID '(' ')'
   24     | expr . '.' OBJECTID '(' invoke_expr_list ')'
   25     | expr . '@' TYPEID '.' OBJECTID '(' ')'
   26     | expr . '@' TYPEID '.' OBJECTID '(' invoke_expr_list ')'
   34     | expr . '+' expr
   35     | expr . '-' expr
   36     | expr . '*' expr
   37     | expr . '/' expr
   39     | expr . '<' expr
   40     | expr . '=' expr
   41     | NOT expr .
   44     | expr . LE expr

    LE   偏移，并进入状态 71
    '='  偏移，并进入状态 72
    '<'  偏移，并进入状态 73
    '+'  偏移，并进入状态 74
    '-'  偏移，并进入状态 75
    '*'  偏移，并进入状态 76
    '/'  偏移，并进入状态 77
    '@'  偏移，并进入状态 78
    '.'  偏移，并进入状态 79

    $default  使用规则 41 以归约 (expr)


状态 67

   23 expr: expr . '.' OBJECTID '(' ')'
   24     | expr . '.' OBJECTID '(' invoke_expr_list ')'
   25     | expr . '@' TYPEID '.' OBJECTID '(' ')'
   26     | expr . '@' TYPEID '.' OBJECTID '(' invoke_expr_list ')'
   34     | expr . '+' expr
   35     | expr . '-' expr
   36     | expr . '*' expr
   37     | expr . '/' expr
   38     | '~' expr .
   39     | expr . '<' expr
   40     | expr . '=' expr
   44     | expr . LE expr

    '@'  偏移，并进入状态 78
    '.'  偏移，并进入状态 79

    $default  使用规则 38 以归约 (expr)


状态 68

   23 expr: expr . '.' OBJECTID '(' ')'
   24     | expr . '.' OBJECTID '(' invoke_expr_list ')'
   25     | expr . '@' TYPEID '.' OBJECTID '(' ')'
   26     | expr . '@' TYPEID '.' OBJECTID '(' invoke_expr_list ')'
   34     | expr . '+' expr
   35     | expr . '-' expr
   36     | expr . '*' expr
   37     | expr . '/' expr
   39     | expr . '<' expr
   40     | expr . '=' expr
   44     | expr . LE expr
   48 expr_not_empty_list: expr . ';'

    LE   偏移，并进入状态 71
    '='  偏移，并进入状态 72
    '<'  偏移，并进入状态 73
    '+'  偏移，并进入状态 74
    '-'  偏移，并进入状态 75
    '*'  偏移，并进入状态 76
    '/'  偏移，并进入状态 77
    '@'  偏移，并进入状态 78
    '.'  偏移，并进入状态 79
    ';'  偏移，并进入状态 91


状态 69

   29 expr: '{' expr_not_empty_list . '}'
   49 expr_not_empty_list: expr_not_empty_list . expr ';'
   50                    | expr_not_empty_list . error ';'

    error       偏移，并进入状态 92
    IF          偏移，并进入状态 38
    LET         偏移，并进入状态 39
    WHILE       偏移，并进入状态 40
    CASE        偏移，并进入状态 41
    NEW         偏移，并进入状态 42
    ISVOID      偏移，并进入状态 43
    STR_CONST   偏移，并进入状态 44
    INT_CONST   偏移，并进入状态 45
    BOOL_CONST  偏移，并进入状态 46
    OBJECTID    偏移，并进入状态 47
    NOT         偏移，并进入状态 48
    '~'         偏移，并进入状态 49
    '{'         偏移，并进入状态 50
    '}'         偏移，并进入状态 93
    '('         偏移，并进入状态 51

    expr  转到状态 94


状态 70

   23 expr: expr . '.' OBJECTID '(' ')'
   24     | expr . '.' OBJECTID '(' invoke_expr_list ')'
   25     | expr . '@' TYPEID '.' OBJECTID '(' ')'
   26     | expr . '@' TYPEID '.' OBJECTID '(' invoke_expr_list ')'
   34     | expr . '+' expr
   35     | expr . '-' expr
   36     | expr . '*' expr
   37     | expr . '/' expr
   39     | expr . '<' expr
   40     | expr . '=' expr
   42     | '(' expr . ')'
   44     | expr . LE expr

    LE   偏移，并进入状态 71
    '='  偏移，并进入状态 72
    '<'  偏移，并进入状态 73
    '+'  偏移，并进入状态 74
    '-'  偏移，并进入状态 75
    '*'  偏移，并进入状态 76
    '/'  偏移，并进入状态 77
    '@'  偏移，并进入状态 78
    '.'  偏移，并进入状态 79
    ')'  偏移，并进入状态 95


状态 71

   44 expr: expr LE . expr

    IF          偏移，并进入状态 38
    LET         偏移，并进入状态 39
    WHILE       偏移，并进入状态 40
    CASE        偏移，并进入状态 41
    NEW         偏移，并进入状态 42
    ISVOID      偏移，并进入状态 43
    STR_CONST   偏移，并进入状态 44
    INT_CONST   偏移，并进入状态 45
    BOOL_CONST  偏移，并进入状态 46
    OBJECTID    偏移，并进入状态 47
    NOT         偏移，并进入状态 48
    '~'         偏移，并进入状态 49
    '{'         偏移，并进入状态 50
    '('         偏移，并进入状态 51

    expr  转到状态 96


状态 72

   40 expr: expr '=' . expr

    IF          偏移，并进入状态 38
    LET         偏移，并进入状态 39
    WHILE       偏移，并进入状态 40
    CASE        偏移，并进入状态 41
    NEW         偏移，并进入状态 42
    ISVOID      偏移，并进入状态 43
    STR_CONST   偏移，并进入状态 44
    INT_CONST   偏移，并进入状态 45
    BOOL_CONST  偏移，并进入状态 46
    OBJECTID    偏移，并进入状态 47
    NOT         偏移，并进入状态 48
    '~'         偏移，并进入状态 49
    '{'         偏移，并进入状态 50
    '('         偏移，并进入状态 51

    expr  转到状态 97


状态 73

   39 expr: expr '<' . expr

    IF          偏移，并进入状态 38
    LET         偏移，并进入状态 39
    WHILE       偏移，并进入状态 40
    CASE        偏移，并进入状态 41
    NEW         偏移，并进入状态 42
    ISVOID      偏移，并进入状态 43
    STR_CONST   偏移，并进入状态 44
    INT_CONST   偏移，并进入状态 45
    BOOL_CONST  偏移，并进入状态 46
    OBJECTID    偏移，并进入状态 47
    NOT         偏移，并进入状态 48
    '~'         偏移，并进入状态 49
    '{'         偏移，并进入状态 50
    '('         偏移，并进入状态 51

    expr  转到状态 98


状态 74

   34 expr: expr '+' . expr

    IF          偏移，并进入状态 38
    LET         偏移，并进入状态 39
    WHILE       偏移，并进入状态 40
    CASE        偏移，并进入状态 41
    NEW         偏移，并进入状态 42
    ISVOID      偏移，并进入状态 43
    STR_CONST   偏移，并进入状态 44
    INT_CONST   偏移，并进入状态 45
    BOOL_CONST  偏移，并进入状态 46
    OBJECTID    偏移，并进入状态 47
    NOT         偏移，并进入状态 48
    '~'         偏移，并进入状态 49
    '{'         偏移，并进入状态 50
    '('         偏移，并进入状态 51

    expr  转到状态 99


状态 75

   35 expr: expr '-' . expr

    IF          偏移，并进入状态 38
    LET         偏移，并进入状态 39
    WHILE       偏移，并进入状态 40
    CASE        偏移，并进入状态 41
    NEW         偏移，并进入状态 42
    ISVOID      偏移，并进入状态 43
    STR_CONST   偏移，并进入状态 44
    INT_CONST   偏移，并进入状态 45
    BOOL_CONST  偏移，并进入状态 46
    OBJECTID    偏移，并进入状态 47
    NOT         偏移，并进入状态 48
    '~'         偏移，并进入状态 49
    '{'         偏移，并进入状态 50
    '('         偏移，并进入状态 51

    expr  转到状态 100


状态 76

   36 expr: expr '*' . expr

    IF          偏移，并进入状态 38
    LET         偏移，并进入状态 39
    WHILE       偏移，并进入状态 40
    CASE        偏移，并进入状态 41
    NEW         偏移，并进入状态 42
    ISVOID      偏移，并进入状态 43
    STR_CONST   偏移，并进入状态 44
    INT_CONST   偏移，并进入状态 45
    BOOL_CONST  偏移，并进入状态 46
    OBJECTID    偏移，并进入状态 47
    NOT         偏移，并进入状态 48
    '~'         偏移，并进入状态 49
    '{'         偏移，并进入状态 50
    '('         偏移，并进入状态 51

    expr  转到状态 101


状态 77

   37 expr: expr '/' . expr

    IF          偏移，并进入状态 38
    LET         偏移，并进入状态 39
    WHILE       偏移，并进入状态 40
    CASE        偏移，并进入状态 41
    NEW         偏移，并进入状态 42
    ISVOID      偏移，并进入状态 43
    STR_CONST   偏移，并进入状态 44
    INT_CONST   偏移，并进入状态 45
    BOOL_CONST  偏移，并进入状态 46
    OBJECTID    偏移，并进入状态 47
    NOT         偏移，并进入状态 48
    '~'         偏移，并进入状态 49
    '{'         偏移，并进入状态 50
    '('         偏移，并进入状态 51

    expr  转到状态 102


状态 78

   25 expr: expr '@' . TYPEID '.' OBJECTID '(' ')'
   26     | expr '@' . TYPEID '.' OBJECTID '(' invoke_expr_list ')'

    TYPEID  偏移，并进入状态 103


状态 79

   23 expr: expr '.' . OBJECTID '(' ')'
   24     | expr '.' . OBJECTID '(' invoke_expr_list ')'

    OBJECTID  偏移，并进入状态 104


状态 80

   12 feature: OBJECTID ':' TYPEID ASSIGN expr ';' .

    $default  使用规则 12 以归约 (feature)


状态 81

   13 feature: OBJECTID '(' formal_list ')' ':' TYPEID . '{' expr '}' ';'

    '{'  偏移，并进入状态 105


状态 82

   27 expr: IF expr THEN . expr ELSE expr FI

    IF          偏移，并进入状态 38
    LET         偏移，并进入状态 39
    WHILE       偏移，并进入状态 40
    CASE        偏移，并进入状态 41
    NEW         偏移，并进入状态 42
    ISVOID      偏移，并进入状态 43
    STR_CONST   偏移，并进入状态 44
    INT_CONST   偏移，并进入状态 45
    BOOL_CONST  偏移，并进入状态 46
    OBJECTID    偏移，并进入状态 47
    NOT         偏移，并进入状态 48
    '~'         偏移，并进入状态 49
    '{'         偏移，并进入状态 50
    '('         偏移，并进入状态 51

    expr  转到状态 106


状态 83

   60 let_expr: error ',' . let_expr

    error     偏移，并进入状态 57
    OBJECTID  偏移，并进入状态 58

    let_expr  转到状态 107


状态 84

   56 let_expr: OBJECTID ':' . TYPEID IN expr
   57         | OBJECTID ':' . TYPEID ASSIGN expr IN expr
   58         | OBJECTID ':' . TYPEID ',' let_expr
   59         | OBJECTID ':' . TYPEID ASSIGN expr ',' let_expr

    TYPEID  偏移，并进入状态 108


状态 85

   28 expr: WHILE expr LOOP . expr POOL

    IF          偏移，并进入状态 38
    LET         偏移，并进入状态 39
    WHILE       偏移，并进入状态 40
    CASE        偏移，并进入状态 41
    NEW         偏移，并进入状态 42
    ISVOID      偏移，并进入状态 43
    STR_CONST   偏移，并进入状态 44
    INT_CONST   偏移，并进入状态 45
    BOOL_CONST  偏移，并进入状态 46
    OBJECTID    偏移，并进入状态 47
    NOT         偏移，并进入状态 48
    '~'         偏移，并进入状态 49
    '{'         偏移，并进入状态 50
    '('         偏移，并进入状态 51

    expr  转到状态 109


状态 86

   31 expr: CASE expr OF . case_list ESAC

    OBJECTID  偏移，并进入状态 110

    case_list  转到状态 111
    case       转到状态 112


状态 87

   20 expr: OBJECTID ASSIGN expr .
   23     | expr . '.' OBJECTID '(' ')'
   24     | expr . '.' OBJECTID '(' invoke_expr_list ')'
   25     | expr . '@' TYPEID '.' OBJECTID '(' ')'
   26     | expr . '@' TYPEID '.' OBJECTID '(' invoke_expr_list ')'
   34     | expr . '+' expr
   35     | expr . '-' expr
   36     | expr . '*' expr
   37     | expr . '/' expr
   39     | expr . '<' expr
   40     | expr . '=' expr
   44     | expr . LE expr

    LE   偏移，并进入状态 71
    '='  偏移，并进入状态 72
    '<'  偏移，并进入状态 73
    '+'  偏移，并进入状态 74
    '-'  偏移，并进入状态 75
    '*'  偏移，并进入状态 76
    '/'  偏移，并进入状态 77
    '@'  偏移，并进入状态 78
    '.'  偏移，并进入状态 79

    $default  使用规则 20 以归约 (expr)


状态 88

   21 expr: OBJECTID '(' ')' .

    $default  使用规则 21 以归约 (expr)


状态 89

   23 expr: expr . '.' OBJECTID '(' ')'
   24     | expr . '.' OBJECTID '(' invoke_expr_list ')'
   25     | expr . '@' TYPEID '.' OBJECTID '(' ')'
   26     | expr . '@' TYPEID '.' OBJECTID '(' invoke_expr_list ')'
   34     | expr . '+' expr
   35     | expr . '-' expr
   36     | expr . '*' expr
   37     | expr . '/' expr
   39     | expr . '<' expr
   40     | expr . '=' expr
   44     | expr . LE expr
   51 invoke_expr_list: expr .

    LE   偏移，并进入状态 71
    '='  偏移，并进入状态 72
    '<'  偏移，并进入状态 73
    '+'  偏移，并进入状态 74
    '-'  偏移，并进入状态 75
    '*'  偏移，并进入状态 76
    '/'  偏移，并进入状态 77
    '@'  偏移，并进入状态 78
    '.'  偏移，并进入状态 79

    $default  使用规则 51 以归约 (invoke_expr_list)


状态 90

   22 expr: OBJECTID '(' invoke_expr_list . ')'
   52 invoke_expr_list: invoke_expr_list . ',' expr

    ')'  偏移，并进入状态 113
    ','  偏移，并进入状态 114


状态 91

   48 expr_not_empty_list: expr ';' .

    $default  使用规则 48 以归约 (expr_not_empty_list)


状态 92

   50 expr_not_empty_list: expr_not_empty_list error . ';'

    ';'  偏移，并进入状态 115


状态 93

   29 expr: '{' expr_not_empty_list '}' .

    $default  使用规则 29 以归约 (expr)


状态 94

   23 expr: expr . '.' OBJECTID '(' ')'
   24     | expr . '.' OBJECTID '(' invoke_expr_list ')'
   25     | expr . '@' TYPEID '.' OBJECTID '(' ')'
   26     | expr . '@' TYPEID '.' OBJECTID '(' invoke_expr_list ')'
   34     | expr . '+' expr
   35     | expr . '-' expr
   36     | expr . '*' expr
   37     | expr . '/' expr
   39     | expr . '<' expr
   40     | expr . '=' expr
   44     | expr . LE expr
   49 expr_not_empty_list: expr_not_empty_list expr . ';'

    LE   偏移，并进入状态 71
    '='  偏移，并进入状态 72
    '<'  偏移，并进入状态 73
    '+'  偏移，并进入状态 74
    '-'  偏移，并进入状态 75
    '*'  偏移，并进入状态 76
    '/'  偏移，并进入状态 77
    '@'  偏移，并进入状态 78
    '.'  偏移，并进入状态 79
    ';'  偏移，并进入状态 116


状态 95

   42 expr: '(' expr ')' .

    $default  使用规则 42 以归约 (expr)


状态 96

   23 expr: expr . '.' OBJECTID '(' ')'
   24     | expr . '.' OBJECTID '(' invoke_expr_list ')'
   25     | expr . '@' TYPEID '.' OBJECTID '(' ')'
   26     | expr . '@' TYPEID '.' OBJECTID '(' invoke_expr_list ')'
   34     | expr . '+' expr
   35     | expr . '-' expr
   36     | expr . '*' expr
   37     | expr . '/' expr
   39     | expr . '<' expr
   40     | expr . '=' expr
   44     | expr . LE expr
   44     | expr LE expr .

    '+'  偏移，并进入状态 74
    '-'  偏移，并进入状态 75
    '*'  偏移，并进入状态 76
    '/'  偏移，并进入状态 77
    '@'  偏移，并进入状态 78
    '.'  偏移，并进入状态 79

    LE   错误 (非相联的)
    '='  错误 (非相联的)
    '<'  错误 (非相联的)

    $default  使用规则 44 以归约 (expr)


状态 97

   23 expr: expr . '.' OBJECTID '(' ')'
   24     | expr . '.' OBJECTID '(' invoke_expr_list ')'
   25     | expr . '@' TYPEID '.' OBJECTID '(' ')'
   26     | expr . '@' TYPEID '.' OBJECTID '(' invoke_expr_list ')'
   34     | expr . '+' expr
   35     | expr . '-' expr
   36     | expr . '*' expr
   37     | expr . '/' expr
   39     | expr . '<' expr
   40     | expr . '=' expr
   40     | expr '=' expr .
   44     | expr . LE expr

    '+'  偏移，并进入状态 74
    '-'  偏移，并进入状态 75
    '*'  偏移，并进入状态 76
    '/'  偏移，并进入状态 77
    '@'  偏移，并进入状态 78
    '.'  偏移，并进入状态 79

    LE   错误 (非相联的)
    '='  错误 (非相联的)
    '<'  错误 (非相联的)

    $default  使用规则 40 以归约 (expr)


状态 98

   23 expr: expr . '.' OBJECTID '(' ')'
   24     | expr . '.' OBJECTID '(' invoke_expr_list ')'
   25     | expr . '@' TYPEID '.' OBJECTID '(' ')'
   26     | expr . '@' TYPEID '.' OBJECTID '(' invoke_expr_list ')'
   34     | expr . '+' expr
   35     | expr . '-' expr
   36     | expr . '*' expr
   37     | expr . '/' expr
   39     | expr . '<' expr
   39     | expr '<' expr .
   40     | expr . '=' expr
   44     | expr . LE expr

    '+'  偏移，并进入状态 74
    '-'  偏移，并进入状态 75
    '*'  偏移，并进入状态 76
    '/'  偏移，并进入状态 77
    '@'  偏移，并进入状态 78
    '.'  偏移，并进入状态 79

    LE   错误 (非相联的)
    '='  错误 (非相联的)
    '<'  错误 (非相联的)

    $default  使用规则 39 以归约 (expr)


状态 99

   23 expr: expr . '.' OBJECTID '(' ')'
   24     | expr . '.' OBJECTID '(' invoke_expr_list ')'
   25     | expr . '@' TYPEID '.' OBJECTID '(' ')'
   26     | expr . '@' TYPEID '.' OBJECTID '(' invoke_expr_list ')'
   34     | expr . '+' expr
   34     | expr '+' expr .
   35     | expr . '-' expr
   36     | expr . '*' expr
   37     | expr . '/' expr
   39     | expr . '<' expr
   40     | expr . '=' expr
   44     | expr . LE expr

    '*'  偏移，并进入状态 76
    '/'  偏移，并进入状态 77
    '@'  偏移，并进入状态 78
    '.'  偏移，并进入状态 79

    $default  使用规则 34 以归约 (expr)


状态 100

   23 expr: expr . '.' OBJECTID '(' ')'
   24     | expr . '.' OBJECTID '(' invoke_expr_list ')'
   25     | expr . '@' TYPEID '.' OBJECTID '(' ')'
   26     | expr . '@' TYPEID '.' OBJECTID '(' invoke_expr_list ')'
   34     | expr . '+' expr
   35     | expr . '-' expr
   35     | expr '-' expr .
   36     | expr . '*' expr
   37     | expr . '/' expr
   39     | expr . '<' expr
   40     | expr . '=' expr
   44     | expr . LE expr

    '*'  偏移，并进入状态 76
    '/'  偏移，并进入状态 77
    '@'  偏移，并进入状态 78
    '.'  偏移，并进入状态 79

    $default  使用规则 35 以归约 (expr)


状态 101

   23 expr: expr . '.' OBJECTID '(' ')'
   24     | expr . '.' OBJECTID '(' invoke_expr_list ')'
   25     | expr . '@' TYPEID '.' OBJECTID '(' ')'
   26     | expr . '@' TYPEID '.' OBJECTID '(' invoke_expr_list ')'
   34     | expr . '+' expr
   35     | expr . '-' expr
   36     | expr . '*' expr
   36     | expr '*' expr .
   37     | expr . '/' expr
   39     | expr . '<' expr
   40     | expr . '=' expr
   44     | expr . LE expr

    '@'  偏移，并进入状态 78
    '.'  偏移，并进入状态 79

    $default  使用规则 36 以归约 (expr)


状态 102

   23 expr: expr . '.' OBJECTID '(' ')'
   24     | expr . '.' OBJECTID '(' invoke_expr_list ')'
   25     | expr . '@' TYPEID '.' OBJECTID '(' ')'
   26     | expr . '@' TYPEID '.' OBJECTID '(' invoke_expr_list ')'
   34     | expr . '+' expr
   35     | expr . '-' expr
   36     | expr . '*' expr
   37     | expr . '/' expr
   37     | expr '/' expr .
   39     | expr . '<' expr
   40     | expr . '=' expr
   44     | expr . LE expr

    '@'  偏移，并进入状态 78
    '.'  偏移，并进入状态 79

    $default  使用规则 37 以归约 (expr)


状态 103

   25 expr: expr '@' TYPEID . '.' OBJECTID '(' ')'
   26     | expr '@' TYPEID . '.' OBJECTID '(' invoke_expr_list ')'

    '.'  偏移，并进入状态 117


状态 104

   23 expr: expr '.' OBJECTID . '(' ')'
   24     | expr '.' OBJECTID . '(' invoke_expr_list ')'

    '('  偏移，并进入状态 118


状态 105

   13 feature: OBJECTID '(' formal_list ')' ':' TYPEID '{' . expr '}' ';'

    IF          偏移，并进入状态 38
    LET         偏移，并进入状态 39
    WHILE       偏移，并进入状态 40
    CASE        偏移，并进入状态 41
    NEW         偏移，并进入状态 42
    ISVOID      偏移，并进入状态 43
    STR_CONST   偏移，并进入状态 44
    INT_CONST   偏移，并进入状态 45
    BOOL_CONST  偏移，并进入状态 46
    OBJECTID    偏移，并进入状态 47
    NOT         偏移，并进入状态 48
    '~'         偏移，并进入状态 49
    '{'         偏移，并进入状态 50
    '('         偏移，并进入状态 51

    expr  转到状态 119


状态 106

   23 expr: expr . '.' OBJECTID '(' ')'
   24     | expr . '.' OBJECTID '(' invoke_expr_list ')'
   25     | expr . '@' TYPEID '.' OBJECTID '(' ')'
   26     | expr . '@' TYPEID '.' OBJECTID '(' invoke_expr_list ')'
   27     | IF expr THEN expr . ELSE expr FI
   34     | expr . '+' expr
   35     | expr . '-' expr
   36     | expr . '*' expr
   37     | expr . '/' expr
   39     | expr . '<' expr
   40     | expr . '=' expr
   44     | expr . LE expr

    ELSE  偏移，并进入状态 120
    LE    偏移，并进入状态 71
    '='   偏移，并进入状态 72
    '<'   偏移，并进入状态 73
    '+'   偏移，并进入状态 74
    '-'   偏移，并进入状态 75
    '*'   偏移，并进入状态 76
    '/'   偏移，并进入状态 77
    '@'   偏移，并进入状态 78
    '.'   偏移，并进入状态 79


状态 107

   60 let_expr: error ',' let_expr .

    $default  使用规则 60 以归约 (let_expr)


状态 108

   56 let_expr: OBJECTID ':' TYPEID . IN expr
   57         | OBJECTID ':' TYPEID . ASSIGN expr IN expr
   58         | OBJECTID ':' TYPEID . ',' let_expr
   59         | OBJECTID ':' TYPEID . ASSIGN expr ',' let_expr

    IN      偏移，并进入状态 121
    ASSIGN  偏移，并进入状态 122
    ','     偏移，并进入状态 123


状态 109

   23 expr: expr . '.' OBJECTID '(' ')'
   24     | expr . '.' OBJECTID '(' invoke_expr_list ')'
   25     | expr . '@' TYPEID '.' OBJECTID '(' ')'
   26     | expr . '@' TYPEID '.' OBJECTID '(' invoke_expr_list ')'
   28     | WHILE expr LOOP expr . POOL
   34     | expr . '+' expr
   35     | expr . '-' expr
   36     | expr . '*' expr
   37     | expr . '/' expr
   39     | expr . '<' expr
   40     | expr . '=' expr
   44     | expr . LE expr

    POOL  偏移，并进入状态 124
    LE    偏移，并进入状态 71
    '='   偏移，并进入状态 72
    '<'   偏移，并进入状态 73
    '+'   偏移，并进入状态 74
    '-'   偏移，并进入状态 75
    '*'   偏移，并进入状态 76
    '/'   偏移，并进入状态 77
    '@'   偏移，并进入状态 78
    '.'   偏移，并进入状态 79


状态 110

   55 case: OBJECTID . ':' TYPEID DARROW expr ';'

    ':'  偏移，并进入状态 125


状态 111

   31 expr: CASE expr OF case_list . ESAC
   54 case_list: case_list . case

    ESAC      偏移，并进入状态 126
    OBJECTID  偏移，并进入状态 110

    case  转到状态 127


状态 112

   53 case_list: case .

    $default  使用规则 53 以归约 (case_list)


状态 113

   22 expr: OBJECTID '(' invoke_expr_list ')' .

    $default  使用规则 22 以归约 (expr)


状态 114

   52 invoke_expr_list: invoke_expr_list ',' . expr

    IF          偏移，并进入状态 38
    LET         偏移，并进入状态 39
    WHILE       偏移，并进入状态 40
    CASE        偏移，并进入状态 41
    NEW         偏移，并进入状态 42
    ISVOID      偏移，并进入状态 43
    STR_CONST   偏移，并进入状态 44
    INT_CONST   偏移，并进入状态 45
    BOOL_CONST  偏移，并进入状态 46
    OBJECTID    偏移，并进入状态 47
    NOT         偏移，并进入状态 48
    '~'         偏移，并进入状态 49
    '{'         偏移，并进入状态 50
    '('         偏移，并进入状态 51

    expr  转到状态 128


状态 115

   50 expr_not_empty_list: expr_not_empty_list error ';' .

    $default  使用规则 50 以归约 (expr_not_empty_list)


状态 116

   49 expr_not_empty_list: expr_not_empty_list expr ';' .

    $default  使用规则 49 以归约 (expr_not_empty_list)


状态 117

   25 expr: expr '@' TYPEID '.' . OBJECTID '(' ')'
   26     | expr '@' TYPEID '.' . OBJECTID '(' invoke_expr_list ')'

    OBJECTID  偏移，并进入状态 129


状态 118

   23 expr: expr '.' OBJECTID '(' . ')'
   24     | expr '.' OBJECTID '(' . invoke_expr_list ')'

    IF          偏移，并进入状态 38
    LET         偏移，并进入状态 39
    WHILE       偏移，并进入状态 40
    CASE        偏移，并进入状态 41
    NEW         偏移，并进入状态 42
    ISVOID      偏移，并进入状态 43
    STR_CONST   偏移，并进入状态 44
    INT_CONST   偏移，并进入状态 45
    BOOL_CONST  偏移，并进入状态 46
    OBJECTID    偏移，并进入状态 47
    NOT         偏移，并进入状态 48
    '~'         偏移，并进入状态 49
    '{'         偏移，并进入状态 50
    '('         偏移，并进入状态 51
    ')'         偏移，并进入状态 130

    expr              转到状态 89
    invoke_expr_list  转到状态 131


状态 119

   13 feature: OBJECTID '(' formal_list ')' ':' TYPEID '{' expr . '}' ';'
   23 expr: expr . '.' OBJECTID '(' ')'
   24     | expr . '.' OBJECTID '(' invoke_expr_list ')'
   25     | expr . '@' TYPEID '.' OBJECTID '(' ')'
   26     | expr . '@' TYPEID '.' OBJECTID '(' invoke_expr_list ')'
   34     | expr . '+' expr
   35     | expr . '-' expr
   36     | expr . '*' expr
   37     | expr . '/' expr
   39     | expr . '<' expr
   40     | expr . '=' expr
   44     | expr . LE expr

    LE   偏移，并进入状态 71
    '='  偏移，并进入状态 72
    '<'  偏移，并进入状态 73
    '+'  偏移，并进入状态 74
    '-'  偏移，并进入状态 75
    '*'  偏移，并进入状态 76
    '/'  偏移，并进入状态 77
    '@'  偏移，并进入状态 78
    '.'  偏移，并进入状态 79
    '}'  偏移，并进入状态 132


状态 120

   27 expr: IF expr THEN expr ELSE . expr FI

    IF          偏移，并进入状态 38
    LET         偏移，并进入状态 39
    WHILE       偏移，并进入状态 40
    CASE        偏移，并进入状态 41
    NEW         偏移，并进入状态 42
    ISVOID      偏移，并进入状态 43
    STR_CONST   偏移，并进入状态 44
    INT_CONST   偏移，并进入状态 45
    BOOL_CONST  偏移，并进入状态 46
    OBJECTID    偏移，并进入状态 47
    NOT         偏移，并进入状态 48
    '~'         偏移，并进入状态 49
    '{'         偏移，并进入状态 50
    '('         偏移，并进入状态 51

    expr  转到状态 133


状态 121

   56 let_expr: OBJECTID ':' TYPEID IN . expr

    IF          偏移，并进入状态 38
    LET         偏移，并进入状态 39
    WHILE       偏移，并进入状态 40
    CASE        偏移，并进入状态 41
    NEW         偏移，并进入状态 42
    ISVOID      偏移，并进入状态 43
    STR_CONST   偏移，并进入状态 44
    INT_CONST   偏移，并进入状态 45
    BOOL_CONST  偏移，并进入状态 46
    OBJECTID    偏移，并进入状态 47
    NOT         偏移，并进入状态 48
    '~'         偏移，并进入状态 49
    '{'         偏移，并进入状态 50
    '('         偏移，并进入状态 51

    expr  转到状态 134


状态 122

   57 let_expr: OBJECTID ':' TYPEID ASSIGN . expr IN expr
   59         | OBJECTID ':' TYPEID ASSIGN . expr ',' let_expr

    IF          偏移，并进入状态 38
    LET         偏移，并进入状态 39
    WHILE       偏移，并进入状态 40
    CASE        偏移，并进入状态 41
    NEW         偏移，并进入状态 42
    ISVOID      偏移，并进入状态 43
    STR_CONST   偏移，并进入状态 44
    INT_CONST   偏移，并进入状态 45
    BOOL_CONST  偏移，并进入状态 46
    OBJECTID    偏移，并进入状态 47
    NOT         偏移，并进入状态 48
    '~'         偏移，并进入状态 49
    '{'         偏移，并进入状态 50
    '('         偏移，并进入状态 51

    expr  转到状态 135


状态 123

   58 let_expr: OBJECTID ':' TYPEID ',' . let_expr

    error     偏移，并进入状态 57
    OBJECTID  偏移，并进入状态 58

    let_expr  转到状态 136


状态 124

   28 expr: WHILE expr LOOP expr POOL .

    $default  使用规则 28 以归约 (expr)


状态 125

   55 case: OBJECTID ':' . TYPEID DARROW expr ';'

    TYPEID  偏移，并进入状态 137


状态 126

   31 expr: CASE expr OF case_list ESAC .

    $default  使用规则 31 以归约 (expr)


状态 127

   54 case_list: case_list case .

    $default  使用规则 54 以归约 (case_list)


状态 128

   23 expr: expr . '.' OBJECTID '(' ')'
   24     | expr . '.' OBJECTID '(' invoke_expr_list ')'
   25     | expr . '@' TYPEID '.' OBJECTID '(' ')'
   26     | expr . '@' TYPEID '.' OBJECTID '(' invoke_expr_list ')'
   34     | expr . '+' expr
   35     | expr . '-' expr
   36     | expr . '*' expr
   37     | expr . '/' expr
   39     | expr . '<' expr
   40     | expr . '=' expr
   44     | expr . LE expr
   52 invoke_expr_list: invoke_expr_list ',' expr .

    LE   偏移，并进入状态 71
    '='  偏移，并进入状态 72
    '<'  偏移，并进入状态 73
    '+'  偏移，并进入状态 74
    '-'  偏移，并进入状态 75
    '*'  偏移，并进入状态 76
    '/'  偏移，并进入状态 77
    '@'  偏移，并进入状态 78
    '.'  偏移，并进入状态 79

    $default  使用规则 52 以归约 (invoke_expr_list)


状态 129

   25 expr: expr '@' TYPEID '.' OBJECTID . '(' ')'
   26     | expr '@' TYPEID '.' OBJECTID . '(' invoke_expr_list ')'

    '('  偏移，并进入状态 138


状态 130

   23 expr: expr '.' OBJECTID '(' ')' .

    $default  使用规则 23 以归约 (expr)


状态 131

   24 expr: expr '.' OBJECTID '(' invoke_expr_list . ')'
   52 invoke_expr_list: invoke_expr_list . ',' expr

    ')'  偏移，并进入状态 139
    ','  偏移，并进入状态 114


状态 132

   13 feature: OBJECTID '(' formal_list ')' ':' TYPEID '{' expr '}' . ';'

    ';'  偏移，并进入状态 140


状态 133

   23 expr: expr . '.' OBJECTID '(' ')'
   24     | expr . '.' OBJECTID '(' invoke_expr_list ')'
   25     | expr . '@' TYPEID '.' OBJECTID '(' ')'
   26     | expr . '@' TYPEID '.' OBJECTID '(' invoke_expr_list ')'
   27     | IF expr THEN expr ELSE expr . FI
   34     | expr . '+' expr
   35     | expr . '-' expr
   36     | expr . '*' expr
   37     | expr . '/' expr
   39     | expr . '<' expr
   40     | expr . '=' expr
   44     | expr . LE expr

    FI   偏移，并进入状态 141
    LE   偏移，并进入状态 71
    '='  偏移，并进入状态 72
    '<'  偏移，并进入状态 73
    '+'  偏移，并进入状态 74
    '-'  偏移，并进入状态 75
    '*'  偏移，并进入状态 76
    '/'  偏移，并进入状态 77
    '@'  偏移，并进入状态 78
    '.'  偏移，并进入状态 79


状态 134

   23 expr: expr . '.' OBJECTID '(' ')'
   24     | expr . '.' OBJECTID '(' invoke_expr_list ')'
   25     | expr . '@' TYPEID '.' OBJECTID '(' ')'
   26     | expr . '@' TYPEID '.' OBJECTID '(' invoke_expr_list ')'
   34     | expr . '+' expr
   35     | expr . '-' expr
   36     | expr . '*' expr
   37     | expr . '/' expr
   39     | expr . '<' expr
   40     | expr . '=' expr
   44     | expr . LE expr
   56 let_expr: OBJECTID ':' TYPEID IN expr .

    LE   偏移，并进入状态 71
    '='  偏移，并进入状态 72
    '<'  偏移，并进入状态 73
    '+'  偏移，并进入状态 74
    '-'  偏移，并进入状态 75
    '*'  偏移，并进入状态 76
    '/'  偏移，并进入状态 77
    '@'  偏移，并进入状态 78
    '.'  偏移，并进入状态 79

    LE        [使用规则 56 以归约 (let_expr)]
    '='       [使用规则 56 以归约 (let_expr)]
    '<'       [使用规则 56 以归约 (let_expr)]
    '+'       [使用规则 56 以归约 (let_expr)]
    '-'       [使用规则 56 以归约 (let_expr)]
    '*'       [使用规则 56 以归约 (let_expr)]
    '/'       [使用规则 56 以归约 (let_expr)]
    '@'       [使用规则 56 以归约 (let_expr)]
    '.'       [使用规则 56 以归约 (let_expr)]
    $default  使用规则 56 以归约 (let_expr)


状态 135

   23 expr: expr . '.' OBJECTID '(' ')'
   24     | expr . '.' OBJECTID '(' invoke_expr_list ')'
   25     | expr . '@' TYPEID '.' OBJECTID '(' ')'
   26     | expr . '@' TYPEID '.' OBJECTID '(' invoke_expr_list ')'
   34     | expr . '+' expr
   35     | expr . '-' expr
   36     | expr . '*' expr
   37     | expr . '/' expr
   39     | expr . '<' expr
   40     | expr . '=' expr
   44     | expr . LE expr
   57 let_expr: OBJECTID ':' TYPEID ASSIGN expr . IN expr
   59         | OBJECTID ':' TYPEID ASSIGN expr . ',' let_expr

    IN   偏移，并进入状态 142
    LE   偏移，并进入状态 71
    '='  偏移，并进入状态 72
    '<'  偏移，并进入状态 73
    '+'  偏移，并进入状态 74
    '-'  偏移，并进入状态 75
    '*'  偏移，并进入状态 76
    '/'  偏移，并进入状态 77
    '@'  偏移，并进入状态 78
    '.'  偏移，并进入状态 79
    ','  偏移，并进入状态 143


状态 136

   58 let_expr: OBJECTID ':' TYPEID ',' let_expr .

    $default  使用规则 58 以归约 (let_expr)


状态 137

   55 case: OBJECTID ':' TYPEID . DARROW expr ';'

    DARROW  偏移，并进入状态 144


状态 138

   25 expr: expr '@' TYPEID '.' OBJECTID '(' . ')'
   26     | expr '@' TYPEID '.' OBJECTID '(' . invoke_expr_list ')'

    IF          偏移，并进入状态 38
    LET         偏移，并进入状态 39
    WHILE       偏移，并进入状态 40
    CASE        偏移，并进入状态 41
    NEW         偏移，并进入状态 42
    ISVOID      偏移，并进入状态 43
    STR_CONST   偏移，并进入状态 44
    INT_CONST   偏移，并进入状态 45
    BOOL_CONST  偏移，并进入状态 46
    OBJECTID    偏移，并进入状态 47
    NOT         偏移，并进入状态 48
    '~'         偏移，并进入状态 49
    '{'         偏移，并进入状态 50
    '('         偏移，并进入状态 51
    ')'         偏移，并进入状态 145

    expr              转到状态 89
    invoke_expr_list  转到状态 146


状态 139

   24 expr: expr '.' OBJECTID '(' invoke_expr_list ')' .

    $default  使用规则 24 以归约 (expr)


状态 140

   13 feature: OBJECTID '(' formal_list ')' ':' TYPEID '{' expr '}' ';' .

    $default  使用规则 13 以归约 (feature)


状态 141

   27 expr: IF expr THEN expr ELSE expr FI .

    $default  使用规则 27 以归约 (expr)


状态 142

   57 let_expr: OBJECTID ':' TYPEID ASSIGN expr IN . expr

    IF          偏移，并进入状态 38
    LET         偏移，并进入状态 39
    WHILE       偏移，并进入状态 40
    CASE        偏移，并进入状态 41
    NEW         偏移，并进入状态 42
    ISVOID      偏移，并进入状态 43
    STR_CONST   偏移，并进入状态 44
    INT_CONST   偏移，并进入状态 45
    BOOL_CONST  偏移，并进入状态 46
    OBJECTID    偏移，并进入状态 47
    NOT         偏移，并进入状态 48
    '~'         偏移，并进入状态 49
    '{'         偏移，并进入状态 50
    '('         偏移，并进入状态 51

    expr  转到状态 147


状态 143

   59 let_expr: OBJECTID ':' TYPEID ASSIGN expr ',' . let_expr

    error     偏移，并进入状态 57
    OBJECTID  偏移，并进入状态 58

    let_expr  转到状态 148


状态 144

   55 case: OBJECTID ':' TYPEID DARROW . expr ';'

    IF          偏移，并进入状态 38
    LET         偏移，并进入状态 39
    WHILE       偏移，并进入状态 40
    CASE        偏移，并进入状态 41
    NEW         偏移，并进入状态 42
    ISVOID      偏移，并进入状态 43
    STR_CONST   偏移，并进入状态 44
    INT_CONST   偏移，并进入状态 45
    BOOL_CONST  偏移，并进入状态 46
    OBJECTID    偏移，并进入状态 47
    NOT         偏移，并进入状态 48
    '~'         偏移，并进入状态 49
    '{'         偏移，并进入状态 50
    '('         偏移，并进入状态 51

    expr  转到状态 149


状态 145

   25 expr: expr '@' TYPEID '.' OBJECTID '(' ')' .

    $default  使用规则 25 以归约 (expr)


状态 146

   26 expr: expr '@' TYPEID '.' OBJECTID '(' invoke_expr_list . ')'
   52 invoke_expr_list: invoke_expr_list . ',' expr

    ')'  偏移，并进入状态 150
    ','  偏移，并进入状态 114


状态 147

   23 expr: expr . '.' OBJECTID '(' ')'
   24     | expr . '.' OBJECTID '(' invoke_expr_list ')'
   25     | expr . '@' TYPEID '.' OBJECTID '(' ')'
   26     | expr . '@' TYPEID '.' OBJECTID '(' invoke_expr_list ')'
   34     | expr . '+' expr
   35     | expr . '-' expr
   36     | expr . '*' expr
   37     | expr . '/' expr
   39     | expr . '<' expr
   40     | expr . '=' expr
   44     | expr . LE expr
   57 let_expr: OBJECTID ':' TYPEID ASSIGN expr IN expr .

    LE   偏移，并进入状态 71
    '='  偏移，并进入状态 72
    '<'  偏移，并进入状态 73
    '+'  偏移，并进入状态 74
    '-'  偏移，并进入状态 75
    '*'  偏移，并进入状态 76
    '/'  偏移，并进入状态 77
    '@'  偏移，并进入状态 78
    '.'  偏移，并进入状态 79

    LE        [使用规则 57 以归约 (let_expr)]
    '='       [使用规则 57 以归约 (let_expr)]
    '<'       [使用规则 57 以归约 (let_expr)]
    '+'       [使用规则 57 以归约 (let_expr)]
    '-'       [使用规则 57 以归约 (let_expr)]
    '*'       [使用规则 57 以归约 (let_expr)]
    '/'       [使用规则 57 以归约 (let_expr)]
    '@'       [使用规则 57 以归约 (let_expr)]
    '.'       [使用规则 57 以归约 (let_expr)]
    $default  使用规则 57 以归约 (let_expr)


状态 148

   59 let_expr: OBJECTID ':' TYPEID ASSIGN expr ',' let_expr .

    $default  使用规则 59 以归约 (let_expr)


状态 149

   23 expr: expr . '.' OBJECTID '(' ')'
   24     | expr . '.' OBJECTID '(' invoke_expr_list ')'
   25     | expr . '@' TYPEID '.' OBJECTID '(' ')'
   26     | expr . '@' TYPEID '.' OBJECTID '(' invoke_expr_list ')'
   34     | expr . '+' expr
   35     | expr . '-' expr
   36     | expr . '*' expr
   37     | expr . '/' expr
   39     | expr . '<' expr
   40     | expr . '=' expr
   44     | expr . LE expr
   55 case: OBJECTID ':' TYPEID DARROW expr . ';'

    LE   偏移，并进入状态 71
    '='  偏移，并进入状态 72
    '<'  偏移，并进入状态 73
    '+'  偏移，并进入状态 74
    '-'  偏移，并进入状态 75
    '*'  偏移，并进入状态 76
    '/'  偏移，并进入状态 77
    '@'  偏移，并进入状态 78
    '.'  偏移，并进入状态 79
    ';'  偏移，并进入状态 151


状态 150

   26 expr: expr '@' TYPEID '.' OBJECTID '(' invoke_expr_list ')' .

    $default  使用规则 26 以归约 (expr)


状态 151

   55 case: OBJECTID ':' TYPEID DARROW expr ';' .

    $default  使用规则 55 以归约 (case)
